a
i
aja
cvc
hqh
pyp
addda
awvwa
bywyb
dlild
fknkf
gyzyg
lfmfl
phahp
ugvgu
aaijiaa
ahpipha
aqfqfqa
bajljab
bmfdfmb
bzxixzb
cpqwqpc
dhqvqhd
eccncce
ezfmfze
fzfmfzf
hcinich
iiuvuii
jswwwsj
lgvivgl
myxdxym
ovjljvo
qwnqnwq
tcrirct
vocjcov
yfcvcfy
abcbabcba
aeffmffea
agnyzynga
alfqnqfla
apdpipdpa
atjewejta
axwuvuwxa
bcsvdvscb
bhxpypxhb
bnlpqplnb
btjevejtb
bzqujuqzb
cgivivigc
cnltatlnc
btyyzyytb
cbyyzyybc
dlmfafmld
duldidlud
edxgjgxde
enxavaxne
eykzqzkye
fjnpypnjf
fvfldlfvf
ghmyvymhg
gukswskug
hhzhihzhh
hwfenefwh
hkbyzybkh
jatfmftaj
jrcnancrj
kifkvkfik
lacojocal
lsuninusl
mmhxqxhmm
ngrjljrgn
obxndnxbo
oyazizayo
pvckwkcvp
qtcmvmctq
rsbwnwbsr
ssbfmfbss
ttbfmfbtt
uvconocvu
vyfyvyfyv
xcmcwcmcx
yhvtitvhy
zojpdpjoz
aawcjljcwaa
acfavqvafca
adpftitfpda
afarwjwrafa
agnlyvylnga
aibovavobia
ajrbfmfbrja
akgwyzywgka
anafwnwfana
aotztitztoa
aqpgkwkgpqa
asmasvsamsa
aukjndnjkua
awkhpyphkwa
aylvxqxvlya
bapbgvgbpab
bctyojoytcb
bfaoriroafb
bhiynanyihb
aisbyzybsia
alebyzybela
boszlalzsob
brithihtirb
bualmjmlaub
bwucyvycuwb
bzpurqrupzb
ccnnpypnncc
cfnitdtinfc
ciphavahpic
cltjmwmjtlc
cozrdidrzoc
csieynyeisc
buryyzyyrub
czgdfmfdgzc
dcvptatpvcd
dgnmovomngd
dkhuujuuhkd
doeplilpeod
dsdxpqpxdsd
dwfujljufwd
eakgvdvgkae
eerkbibkree
ejbfewefbje
enntivitnne
esdbqnqbdse
ewvffmffvwe
fbqffmffqbf
fgocunucogf
flozcvczolf
fqsviwivsqf
fvzsrirszvf
gbjshdhsjbg
ggwvjljvwgg
gmnddqddnmg
gsgqvivqgsg
gydlqjqldyg
hedouvuodeh
hkhbpapbhkh
hqnzfmfznqh
gvxhyzyhxvg
idmgcncgmdi
ikdrxixrdki
iqytqwqtyqi
ixxmqvqmxxi
jezyfdfyzej
jmgdpypdgmj
jtqefqfeqtj
kbebivibebk
kivwijiwvik
kqrqninqrqk
kyrlhahlryk
kfugyzygufk
kocgyzygcok
lxpmrarmpxl
mgfxlilxfgm
mpapsjspapm
mxzqwvwqzxm
nhdcjqjcdhn
nqkzpypzkqn
nzxkbdbkxzn
ojojcvcjojo
otjygwgyjto
pdkezizekdp
pnpesnsepnp
owxxyzyxxwo
qinpfmfpniq
qthczazchtq
refpsvspfer
rpjdajadjpr
sarsjijsras
smflhqhlfms
sxyjjljjyxs
tjwodddowjt
twabdidbawt
uiixywyxiiu
uuxgevegxuu
vhrbknkbrhv
vuqlfmflquv
whvlfmflvhw
wvgdanadgvw
xiwogvgowix
xwsuowouswx
ykuxpipxuky
yzcyzdzyczy
znrajljarnz
aacldlqldlcaa
aarljxixjlraa
abgrvkjkvrgba
abwenqvqnewba
aclxojajoxlca
adbwzfmfzwbda
acrbuyzyubrca
aeipginigpiea
aezigbibgizea
afqhwwwwwhqfa
aghogovogohga
agzbkxdxkbzga
ahqvlpyplvqha
aiiwknqnkwiia
ajbejkvkjebja
ajttkcjckttja
akmpojijopmka
alfsybabysfla
akycnyzyncyka
alrunyzynurla
anmuzxaxzumna
aohbxpipxbhoa
apbqjyjyjqbpa
apwmmuvummwpa
aqrqibqbiqrqa
arnbxpypxbnra
asivjjdjjvisa
atewtevetweta
aubgdawadgbua
auxxovivoxxua
avuxemnmexuva
avrdyyzyydrva
axpvdfmfdvpxa
ayntqfafqtnya
azmaowvwoamza
bakqbgjgbqkab
bbjodhihdojbb
bciuwzqzwuicb
bdikkjljkkidb
beiitldltiieb
bfiqafifaqifb
bgjggswsggjgb
bhkfpavapfkhb
bilobenebolib
bjnftfmftfnjb
bkpgtfmftgpkb
blrrdgngdrrlb
bmukzkvkzkumb
bnxojuwujoxnb
bpbbkninkbbpb
bqeydrdrdyeqb
brjerjljrejrb
bsnvbtqtbvnsb
btsvkzizkvstb
buyfvejevfyub
bweaimvmiaewb
bxkfbdadbfkxb
byqubfmfbuqyb
aywsjyzyjswya
cbfdgonogdfbc
ccmxqfifqxmcc
cdvcqcwcqcvdc
cfdsimvmisdfc
cgmsvpdpvsmgc
chwefpypfewhc
cjgaovqvoagjc
ckqhzmvmzhqkc
cmbanwjwnabmc
cnmeififiemnc
coxtkvavktxoc
bpiswyzywsipb
bqvewyzywevqb
ctjdndadndjtc
cuwmttittmwuc
cwkhuejeuhkwc
cxyoqsvsqoyxc
cznhltqtlhnzc
dbcmhpyphmcbd
dcsdgrdrgdscd
deiglgvglgied
dfyvxuwuxvyfd
dhpxuriruxphd
djhmegngemhjd
cjymbyzybmyjc
dmsatfmftasmd
dolbdlaldblod
dqeokavakoeqd
dryopmjmpoyrd
dttbwfifwbttd
dvocgrqrgcovd
dxjpxjljxpjxd
dzfqwtdtwqfzd
ebcfhhihhfcbe
eczhfmwmfhzce
eewwtwvwtwwee
egvaaynyaavge
eitrdfmfdrtie
ekswdfmfdwske
emspdmnmdpsme
eoswgovogwsoe
eqtrpawaprtqe
esvbflilfbvse
euwzgjdjgzwue
ewzlujljulzwe
ezcmybqbymcze
fbgcubibucgbf
fdkhkyjykhkdf
ffpazivizapff
fhujnxaxnjuhf
fkahffmffhakf
elftayzyatfle
fonwgunugwnof
fqvnwjijwnvqf
ftduziwizudtf
fvmrskvksrmvf
fxweehdheewxf
gagglpyplggag
gcqyrdqdryqcg
gfcgxovoxgcfg
ghofhqjqhfohg
gkatybibytakg
gmnyxpapxynmg
foathyzyhtaof
fqpfhyzyhfpqf
gufjajajajfug
gwvclxixlcvwg
gzlmukjkumlzg
hccocqvqcocch
heugnlqlngueh
hhmqdpypdqmhh
hkfrbzdzbrfkh
hmzjliviljzmh
hpttiowoittph
hsouwninwuosh
hvkoeanaeokvh
gxfygyzygyfxg
ibeclfmflcebi
iebxqrarqxbei
ihalbeveblahi
ijzqtsjstqzji
imzoxdidxozmi
iqafojqjofaqi
itbowjljwobti
iwdqybdbyqdwi
izglwjijwlgzi
jcjzugwguzjcj
jfogusvsugofj
jithasnsahtij
jlzapfmfpazlj
jpfnpfmfpnfpj
jsmudsnsdumsj
jvuujsvsjuuvj
jzdokgwgkodzj
kcncijijicnck
kfxkhbdbhkxfk
kjimjjljjmijk
kmuisjqjsiumk
kqgzldidlzgqk
ktukqsjsqkutk
kxiqmevemqixk
laxrarararxal
lenmlfmflmnel
khdbtyzytbdhk
llvohanahovll
lpnuyninyunpl
ltgwyowoywgtl
lxaukivikuaxl
mavnkzdzknvam
mercdpypdcrem
minmrlqlrmnim
mmktdqvqdtkmm
mqivrkjkrviqm
muhujxixjuhum
myhpkjajkphym
mbhfuyzyufhbm
mfituyzyutifm
nkmfnpapnfmkn
nopnabibanpon
nstrkqjqkrtsn
nwyswovowsywn
oberndqdnrebo
oflnlpyplnlfo
ojtgvhdhvgtjo
oobxtkvktxboo
oslmjiwijmlso
owvyujijuyvwo
pbhjdunudjhbp
oesqnyzynqseo
pkgyffmffygkp
povddxaxddvop
ptkgoiviogktp
pyainyjyniayp
qcrjgbibgjrcq
qhjiubqbuijhq
qmchhjljhhcmq
qqwexjdjxewqq
qvrbtliltbrvq
ramxzawazxmar
rfjtrovortjfr
rkhpamnmaphkr
rpgkdfmfdkgpr
rugfdfmfdfgur
rzhadynydahzr
seiviwvwivies
sjlqvmwmvqljs
sopmthihtmpos
stujftdtfjuts
szagkjljkgazs
tehekrqrkehet
tjpdkfifkdpjt
toydmmjmmdyot
tuievavaveiut
tzthnlalnhtzt
uffltfmftlffu
tjrqoyzyoqrjt
uqgzhgnghzgqu
uvwiwrirwiwvu
vbmunuwunumbv
vheikgvgkiehv
vmwyprdrpywmv
vsqrhpyphrqsv
vylmptqtpmlyv
wehkrsvsrkhew
wkelrejerlekw
wqcprtitrpcqw
wwbwxdadxwbww
wbbgjyzyjgbbw
whcujyzyjuchw
xognavavangox
xukikfifkikux
yaphqwjwqhpay
ygvkymvmykvgy
yncskvqvkscny
ytlefpypfelty
yzuumpdpmuuzy
zgfpjmvmjpfgz
zmrpacwcaprmz
ztetofifotetz
zztddonoddtzz
aafhqwyzywqhfaa
aamzmbfmfbmzmaa
aatrlrdadrlrtaa
abakqxmvmxqkaba
abhfbyejeybfhba
aboaswzizwsaoba
abuxpxtqtxpxuba
acbvtejljetvbca
acivcurdrucvica
acpvsyninysvpca
acwxptuwutpxwca
adeatkkvkktaeda
adlfeagngaeflda
adskvtfmftvksda
adzrutfmfturzda
aehabeeneebahea
aeojpeavaepjoea
aevukwswswkuvea
afdgomfifmogdfa
afkuacldlcaukfa
afsitxjljxtisfa
afzywazqzawyzfa
aghqgrhihrgqhga
agpizygjgyzipga
agxdbzwvwzbdxga
aheynafafanyeha
ahmvhdfmfdhvmha
agtsjlyzyljstga
aicsxhmnmhxscia
aikttqvivqttkia
aisvztawatzvsia
ajazpsevespzaja
ajjepsjdjspejja
ajrkzxpypxzkrja
ajzsumbqbmuszja
akibznuvunzbika
akqmpgyjygpmqka
akyypvpipvpyyka
alhmbjxaxjbmhla
akpzxayzyaxzpka
akxqfayzyafqxka
amhizobabozihma
amqceqjijqecqma
amywvncjcnvwyma
anhsyikvkiyshna
anqqngnqngnqqna
anzpolpyplopzna
aoiqcbxdxbcqioa
aorschovohcsroa
apavpgwwwgpvapa
apkapebibepakpa
apthcdinidchtpa
apbobhyzyhbobpa
aqlypzfmfzpylqa
aqvjrejajerjvqa
arewgcqvqcgwera
arokiykjkyikora
arxzzvxixvzzxra
ashrezlqlzerhsa
asrjynjljnyjrsa
atbegpzdzpgebta
atladlpipldalta
atuxpeowoepxuta
auewpzgvgzpweua
auoxgaanaagxoua
auyzllfmfllzyua
avjdglfmflgdjva
avtireknkeritva
awdprvevevrpdwa
awnyinywyniynwa
awyipndidnpiywa
axiumxdddxmuixa
axtiawjljwaitxa
aydxfphqhpfxdya
ayoobgjijgbooya
ayzgoaajaaogzya
azkasasvsasakza
azuwnmzazmnwuza
bafuapfmfpaufab
azpsekyzykespza
bbbuchsnshcubbb
bbmwrgzizgrwmbb
bbyayogwgoyaybb
bcjgyicvciygjcb
bcuoqtbdbtqoucb
bdfybzpypzbyfdb
bdrjggjqjggjrdb
becwdrwvwrdwceb
beokumsjsmukoeb
bfabevlilvebafb
bfltiwrarwitlfb
aewmftyzytfmwea
afihxtyzytxhifa
bgvglbhahblgvgb
bhhfrsninsrfhhb
bhtgszijizsgthb
bifjpaiviapjfib
birogafqfagorib
bjdusdpypdsudjb
bjqczpfdfpzcqjb
bkcncnqvqncnckb
bkozbdqwqdbzokb
blbmvpxixpvmblb
blocmdcncdmcolb
alzsxuyzyuxszla
bmnnhzfmfzhnnmb
bnainrpaprnianb
bnnfqduvudqfnnb
boaepoqjqopeaob
bonfmcvivcmfnob
bpaifzdqdzfiapb
bpnmxijljixmnpb
bqatmjhdhjmtaqb
bqobzgrirgzboqb
brbmkfiwifkmbrb
broytkcvcktyorb
bscnazunuzancsb
bsqdhffmffhdqsb
btdvmffmffmvdtb
btrpqeqnqeqprtb
bufltiiviitlfub
butjvvewevvjtub
bvhjxwbibwxjhvb
bvvlzpvdvpzlvvb
bwjqbhjljhbqjwb
bwxwdbpqpbdwxwb
bxmefdlildfemxb
byaohrujurhoayb
bypakxovoxkapyb
bzdooztatzoodzb
bzseudfmfdueszb
bzfwzlyzylzwfzb
cavrihynyhirvac
cbknrtdidtrnkbc
cbzmczmwmzcmzbc
ccomqgavagqmocc
cddpfrtdtrfpddc
cdstxnpypnxtsdc
ceiaryrqryraiec
cexjpdyvydpjxec
cfmupimjmipumfc
cgchsrhihrshcgc
cgrwzjlaljzwrgc
bggnioyzyoinggb
bgwgwoyzyowgwgb
cindponanopdnic
cjdblqrirqlbdjc
cjtbmbojobmbtjc
ckjdragvgardjkc
ckziarxqxraizkc
clpophpyphpoplc
cmfxjandnajxfmc
cmwiibsvsbiiwmc
cnmvmqkwkqmvmnc
codkwxtitxwkdoc
coucncwnwcncuoc
bojvijyzyjivjob
cqbsmbfmfbmsbqc
cqsqvevavevqsqc
crjrlayvyalrjrc
csauhuwjwuhuasc
csrzlrtitrlzrsc
ctjgwwvqvwwgjtc
cuaqppjljppqauc
cuscqapdpaqcsuc
cvjqyjtitjyqjvc
cwbhowcwcwohbwc
cwtanqyvyqnatwc
cxkvuzonozuvkxc
cyctlbfmfbltcyc
cyutkbfmfbktuyc
czmvsewnwesvmzc
dafajrmvmrjafad
daxhkskwkskhxad
dbpqvmzizmvqpbd
dcicqgndngqcicd
ddaqvejljevqadd
ddthklxqxlkhtdd
demakininikamed
dfevuzojozuvefd
dfxtqqkvkqqtxfd
dgqtxmnanmxtqgd
dhjwptfmftpwjhd
chcasoyzyosachc
diwjjieneijjwid
djptlbhihbltpjd
dkjfzaswsazfjkd
dlcuzlyvylzucld
dlwmmoldlommwld
dmqgmnpypnmgqmd
dnkczozqzozcknd
doebzyavayzbeod
doydnugjgundyod
dpshpjdidjphspd
dqmoewfafweomqd
cqfwhlyzylhwfqc
craizlyzylziarc
dsvxhbtatbhxvsd
dtqockvivkcoqtd
dulhmtujutmhlud
dvgdmieveimdgvd
dwbcbhpqphbcbwd
dwwdfxpypxfdwwd
dxrhajvdvjahrxd
dymnkxuvuxknmyd
dzhwltewetlwhzd
eadidbpipbdidae
eaywlcqnqclwyae
datmjayzyajmtad
ecqhaffmffahqce
edmdhsbabshdmde
eeicgucvcugciee
efedxrcjcrxdefe
egaigorirogiage
egwphsnqnshpwge
ehszbijljibzshe
eiplnpxdxpnlpie
ejmasuvivusamje
ekisrcwwwcrsike
elfnituvutinfle
emcktziniztkcme
emzkyzfmfzykzme
enwnxzfmfzxnwne
eottrfcncfrttoe
eprcewqvqwecrpe
eqonnfqwqfnnoqe
ermbqlxixlqbmre
esjsovfdfvosjse
ethminjljnimhte
eufixufqfuxifue
evdiivpipviidve
ewbkpxijixpkbwe
ewzptfgvgftpzwe
exxxszhahzsxxxe
eywiplfmflpiwye
dytvhtyzythvtyd
fatmziknkizmtaf
fbsgnflilfngsbf
fcrcyrywyrycrcf
fdqchzwvwzhcqdf
fepepjdddjpepef
ffojuzpypzujoff
fgnrzdhqhdzrngf
fhndcacvcacdnhf
fimrdwajawdrmif
fjmiewzizweimjf
fkmcfizazifcmkf
ekkyekyzykeykke
elkyekyzykeykle
fnmcfozazofcmnf
fomigazizagimof
fpmrhcajachrmpf
fqndiycvcyidnqf
frnslvhqhvlsnrf
fsokpzpypzpkosf
ftpfvrdddrvfptf
fuqedbwvwbdequf
fvrfmlywylmfrvf
fwsjyblilbyjswf
fxtrmcknkcmrtxf
exubbtyzytbbuxe
fzwpwlfmflwpwzf
gaygtfhahftgyag
gcaatjgvgjtaacg
gdbxxdijidxxbdg
gedyetpipteydeg
gfgbqmfqfmqbgfg
ggiignjljngiigg
ghksbdfdfdbskhg
ginfanxixnafnig
gjpvezqwqzevpjg
gksoosqvqsooskg
glvldzcnczdlvlg
gmykyzfmfzykymg
gobnzzfmfzznbog
gpeuhfinifhuepg
gqiduxuvuxudiqg
grlqpiwwwipqlrg
gspgqsvivsqgpsg
gtszzhxdxhzzstg
guwwpijljipwwug
gwawnanqnanwawg
gxezsqrirqszexg
gyjgglcjclggjyg
gznqcqcvcqcqnzg
hasdhmbabmhdsah
hbwtvffmffvtwbh
gcamrayzyarmacg
hegkyiqnqiykgeh
hfllofpipfollfh
hgqpnzeweznpqgh
hhvwxvuvuvxwvhh
hjbhsbvdvbshbjh
hkgvwxpypxwvgkh
hlmnmppqppmnmlh
hmsinkeveknismh
hnygznujunzgynh
hpeixgvivgxieph
hqkogvtatvgokqh
gqpwblyzylbwpqg
grwijlyzyljiwrg
hudzfcfafcfzduh
hvksmndidnmskvh
hwrphagjgahprwh
hxypowavawopyxh
hzftkgzqzgktfzh
ianatnpypntanai
ibulqwldlwqlubi
idcacnyvyncacdi
iejscuswsucsjei
ifrnrxhihxrnrfi
igzmwcenecwmzgi
hhgoooyzyoooghh
ijpvytfmftyvpji
ikyfxsnansxfyki
imgtmukvkumtgmi
inpksfojofskpni
ioyfogningofyoi
iqhebdxqxdbehqi
irqgfejljefgqri
iszmaondnoamzsi
iuivnozizonviui
ivsismkwkmsisvi
ixbzpnmvmnpzbxi
iylueywnwyeulyi
izvsnbfmfbnsvzi
jbfuobfmfboufbj
jcqaifonofiaqcj
jeajvuyvyuvjaej
jfkxdccwccdxkfj
jgvoehtitheovgj
jigizspdpszigij
jjrhppjljpphrjj
jlckaevqveakclj
jmnqfttittfqnmj
jnzagowjwogaznj
jpkocwyvywcokpj
jqwfuyvavyufwqj
jsibjbfmfbjbisj
istzsjyzyjsztsi
jvgeaiwnwiaegvj
jwslebtitbelswj
jyewewkwkweweyj
jzrlczsvszclrzj
kbedysndnsydebk
kcrashpyphsarck
keebjzxqxzjbeek
kfrgacgvgcagrfk
kheoovojovooehk
kisbcmrirmcbsik
kkfrpinaniprfkk
jkslaoyzyoalskj
jmgjmoyzyomjgmj
kovmzplalpzmvok
kqjtlvhihvltjqk
krydyomjmoydyrk
ktmsmbyvybmsmtk
kvblaqrqrqalbvk
kwqhqnpypnqhqwk
kyfihztdtzhifyk
kzunbiavaibnuzk
lbjvwtmwmtwvjbl
lcziupdidpuizcl
leozvbynybvzoel
kfdtxlyzylxtdfk
lhuufdfmfdfuuhl
ljkxpftatfpxkjl
llbfdbovobdfbll
lmrquxujuxuqrml
loigrblilbrgiol
lpzartpqptrazpl
lrpyxhjljhxyprl
lthbhxvdvxhbhtl
luyhxybibyxhyul
lwpstpeweptspwl
lyhhveivievhhyl
lzzbcyqnqycbzzl
mbqyrffmffryqbm
mdjamffmffmajdm
mfbgofunufogbfm
mgtqxocvcoxqtgm
mimfoliwilofmim
mkeynerirenyekm
mlxvubhdhbuvxlm
mnqxjijljijxqnm
mpkdhhdqdhhdkpm
mrdnoeviveondrm
msxceiqjqiecxsm
muqvdzuvuzdvqum
mwksnlpaplnskwm
myeugzfmfzgueym
lyyzjuyzyujzyyl
nbtkzjcncjzktbn
ndnzytxixtyzndn
nfitjjqwqjjtifn
nhdrflqvqlfrdhn
niytnhfdfhntyin
nkuahdpypdhaukn
nmplnifqfinlpmn
nolbgcivicgblon
nqgvltijitlvgqn
nscueoninoeucsn
ntyxkvhahvkxytn
muuedtyzytdeuum
mwqqltyzytlqqwm
nzoijcrarcjiozn
obldtzlilztdlbo
odidtssjsstdido
offiipwvwpiiffo
ohcrmyjqjymrcho
ojafgzpypzgfajo
okxxrbbdbbrxxko
omvurkcvckruvmo
ootwiigwgiiwtoo
oqscqczizcqcsqo
osqnpbsnsbpnqso
ntocekyzykecotn
ownxnpfmfpnxnwo
oymwnszazsnwmyo
pamagesvsegamap
pclirgajagrilcp
pekvvejijevvkep
pgknshhqhhsnkgp
pikkiwjljwikkip
pkkltfdddftlkkp
pmkrxpdidpxrkmp
polcwhywyhwclop
pqlspreverpslqp
psmndyknkydnmsp
punmnlfmflnmnup
pwoqslfmflsqowp
pypztganagtzpyp
qarnqdgvgdqnraq
qctgjkowokjgtcq
qevdzjpipjzdveq
qgxgmhzdzhmgxgq
qiznwnjljnwnziq
qlcaehlqlheaclq
qnerjxxixxjrenq
qphnnskjksnnhpq
qrkopyqvqypokrq
qtnuqyjajyquntq
qvrfqzfmfzqfrvq
pwtuphyzyhputwp
qzyqpjinijpqyzq
rccqoibibioqccr
regvnmwwwmnvger
rglfnfovofnflgr
ripuntxdxtnupir
rkuoplpyplpoukr
rmznsonqnosnzmr
rperxkkvkkxrepr
rrkbehcjchebkrr
rtppnmjijmnpptr
rvvizibabizivvr
qxagnayzyangaxq
rzgkfayzyafkgzr
scnubpxaxpbuncs
seuiazpipzaiues
shbbemyjymebbhs
sjhzmluvulmzhjs
slpczebqbezcpls
snwlqxpypxqlwns
sqdzoajdjaozdqs
sslsqueveuqslss
sutqznawanzqtus
sxbuomvivmoubxs
szkdkbmnmbkdkzs
sarqllyzyllqras
tebkwdfmfdwkbet
tgkjngfafgnjkgt
titnmdwvwdmntit
tlcwtegjgetwclt
tnmliphihpilmnt
tpwfgszqzsgfwpt
tsgenxjljxnegst
tuqjekldlkejqut
txateofifoetaxt
tzlioqswsqoilzt
ubwdjaavaajdwbu
uehdnyeneyndheu
ugsjdtfmftdjsgu
ujduetfmfteudju
ulpkrggnggrkplu
uobgpokvkopgbou
uqnhzzuwuzzhnqu
uszowwninwwozsu
uvmbgmrdrmgbmvu
uxytdejljedtyxu
valqnftqtfnqlav
vcytkyzizyktycv
vfmbwsejeswbmfv
vhzpwtmvmtwpzhv
vknjlldadlljnkv
vnbipbfmfbpibnv
uoomgwyzywgmoou
vsdxqjonojqxdsv
vusnosfifsonsuv
vxhjdgcwcgdjhxv
vzwkihmvmhikwzv
wclreepdpeerlcw
wfbdrfpypfrdbfw
whqvvsvqvsvvqhw
wkgtsamvmastgkw
wmwxgkwjwkgxwmw
wpngngfifgngnpw
wsdvmuvavumvdsw
vttpejyzyjepttv
vwkpqjyzyjqpkwv
xacwxddaddxwcax
xcuiwvtitvwiucx
xfmaqxejexqamfx
xidyfpsvspfydix
xkwbphtqthpbwkx
xnokuhpyphukonx
xqgzuxrdrxuzgqx
xszurmgvgmruzsx
xvsvkhuwuhkvsvx
xymbzsrirszbmyx
ybfombgngbmofby
xcyfuoyzyoufycx
ygtfctfmftcftgy
yjnjhtlalthjnjy
ymhtkzavazkthmy
ypcjmsmjmsmjcpy
yrxfnififinfxry
yushncrqrcnhsuy
yxnpmkjljkmpnxy
zajdlntdtnldjaz
zdexkvhihvkxedz
zgaxkpmwmpkxagz
zixdlewvweldxiz
zltpmxynyxmptlz
zoqhqdfmfdqhqoz
zrnfvdfmfdvfnrz
zukkcgmnmgckkuz
zxhulvovovluhxz
aaafkyfawafykfaaa
aaddhnrlilrnhddaa
aagbkgpjdjpgkbgaa
aaiztdhjljhdtziaa
aalyiecbqbceiylaa
aaoxdjibibijdxoaa
aarwethyjyhtewraa
aauvmikivikimvuaa
aaxvacxxaxxcavxaa
abauudffmffduuaba
aacttinyzynittcaa
abgvawjunujwavgba
abjvnpyjijypnvjba
abmwgqpiwipqgwmba
abpxfyrkvkryfxpba
absylonhdhnolysba
abvzxmlpyplmxzvba
abzbpsvdqdvspbzba
accdohyovoyhodcca
acfftgeqjqegtffca
aciienwbibwneiica
aclkwfhpaphfwklca
abnmtfuyzyuftmnba
abqpxruyzyurxpqba
acuujpqjajqpjuuca
acxyaxnxixnxayxca
adbbyqxkjkxqybbda
adegcwbqvqbwcgeda
adhknnjlqljnnkhda
adkperdpypdrepkda
adnuchszdzshcunda
adqzglmivimlgzqda
aduercsowoscreuda
adxkihuninuhikxda
aeaqgbbanabbgqaea
adcvjhtyzythjvcda
